info it worked if it ends with ok
verbose cli [ 'node', '/bin/npm', 'install', 'js2coffee', '-g' ]
info using npm@1.1.18
info using node@v0.7.8
verbose config file /home/missile/.npmrc
verbose config file /usr/etc/npmrc
verbose config file /lib64/node_modules/npm/npmrc
verbose cache add [ 'js2coffee', null ]
silly cache add: name, spec, args [ undefined, 'js2coffee', [ 'js2coffee', null ] ]
verbose parsed url { pathname: 'js2coffee', path: 'js2coffee', href: 'js2coffee' }
verbose addNamed [ 'js2coffee', '' ]
verbose addNamed [ null, '' ]
silly name, range, hasData [ 'js2coffee', '', false ]
verbose raw, before any munging js2coffee
verbose url resolving [ 'https://registry.npmjs.org/', './js2coffee' ]
verbose url resolved https://registry.npmjs.org/js2coffee
verbose etag "1QR8LRK05PM7MROYVATTXKKWQ"
http GET https://registry.npmjs.org/js2coffee
http 304 https://registry.npmjs.org/js2coffee
silly get cb [ 304,
silly get cb   { server: 'CouchDB/1.2.0 (Erlang OTP/R15B)',
silly get cb     etag: '"1QR8LRK05PM7MROYVATTXKKWQ"',
silly get cb     date: 'Mon, 31 Dec 2012 02:43:00 GMT',
silly get cb     'content-length': '0' } ]
verbose etag js2coffee from cache
silly name, range, hasData 2 [ 'js2coffee', '', true ]
silly versions [ 'js2coffee',
silly versions   [ '0.0.1',
silly versions     '0.0.2',
silly versions     '0.0.3',
silly versions     '0.0.4',
silly versions     '0.0.5',
silly versions     '0.1.0',
silly versions     '0.1.1',
silly versions     '0.1.2',
silly versions     '0.1.3',
silly versions     '0.2.0' ] ]
verbose bin dist [ null,
verbose bin dist   { shasum: 'f5c9fe97866d782a37095471116858a967561cc0',
verbose bin dist     tarball: 'http://registry.npmjs.org/js2coffee/-/js2coffee-0.2.0.tgz' } ]
verbose caching /home/missile/.npm/js2coffee/0.2.0/package/package.json
verbose loadDefaults js2coffee@0.2.0
silly resolved [ { name: 'js2coffee',
silly resolved     description: 'JavaScript to CoffeeScript compiler',
silly resolved     keywords: [ 'javascript', 'coffeescript', 'language', 'compiler' ],
silly resolved     author: { name: 'Rico Sta. Cruz' },
silly resolved     version: '0.2.0',
silly resolved     engines: { node: '>=0.4.0' },
silly resolved     directories: { lib: './lib' },
silly resolved     main: './lib/js2coffee',
silly resolved     bin: { js2coffee: './bin/js2coffee' },
silly resolved     homepage: 'http://ricostacruz.com/js2coffee',
silly resolved     repository: { type: 'git', url: 'git://github.com/rstacruz/js2coffee.git' },
silly resolved     devDependencies: { glob: '>= 0.0.1' },
silly resolved     dependencies: 
silly resolved      { underscore: '>= 0.0.1',
silly resolved        'coffee-script': '>= 1.1.0',
silly resolved        file: '>= 0.1.0' },
silly resolved     scripts: { test: 'cake test' },
silly resolved     _id: 'js2coffee@0.2.0',
silly resolved     optionalDependencies: {},
silly resolved     _engineSupported: true,
silly resolved     _npmVersion: '1.1.18',
silly resolved     _nodeVersion: 'v0.7.8',
silly resolved     _defaultsLoaded: true,
silly resolved     _from: 'js2coffee' } ]
info into /usr/lib js2coffee@0.2.0
info installOne js2coffee@0.2.0
verbose from cache /home/missile/.npm/js2coffee/0.2.0/package/package.json
info unbuild /usr/lib/node_modules/js2coffee
verbose unpack /home/missile/.npm/js2coffee/0.2.0/package.tgz
silly gunzTarPerm modes [ '755', '644' ]
ERR! Error: EACCES, mkdir '/usr/lib/node_modules/js2coffee'
ERR! 
ERR! Please try running this command again as root/Administrator.
ERR! 
ERR! System Linux 3.3.7-gentoo
ERR! command "node" "/bin/npm" "install" "js2coffee" "-g"
ERR! cwd /home/missile/cheshang
ERR! node -v v0.7.8
ERR! npm -v 1.1.18
ERR! path /usr/lib/node_modules/js2coffee
ERR! fstream_path /usr/lib/node_modules/js2coffee
ERR! fstream_type Directory
ERR! fstream_class DirWriter
ERR! code EACCES
ERR! message EACCES, mkdir '/usr/lib/node_modules/js2coffee'
ERR! errno {}
ERR! fstream_stack /lib64/node_modules/npm/node_modules/fstream/lib/dir-writer.js:36:23
ERR! fstream_stack Object.oncomplete (/lib64/node_modules/npm/node_modules/mkdirp/index.js:42:17)
verbose exit [ 1, true ]
